<?xml version="1.0" encoding="UTF-8"?>
<!-- Generated by org.testng.reporters.JUnitXMLReporter -->
<testsuite hostname="atupadhy-WX-1" ignored="0" name="Default test" tests="3" failures="0" timestamp="21 Aug 2019 11:05:25 GMT" time="25.869" errors="0">
  <testcase name="testLoginPage" time="6.427" classname="com.uiFramework.companyName.projectName.helper.testScripts.LoginTestWithDataDrivenApproach"/>
  <testcase name="testLoginPage" time="6.014" classname="com.uiFramework.companyName.projectName.helper.testScripts.LoginTestWithDataDrivenApproach"/>
  <testcase name="testLoginPage" time="0.001" classname="com.uiFramework.companyName.projectName.helper.testScripts.LoginTestWithDataDrivenApproach">
    <skipped/>
  </testcase> <!-- testLoginPage -->
</testsuite> <!-- Default test -->
