<?xml version="1.0" encoding="UTF-8"?>
<!-- Generated by org.testng.reporters.JUnitXMLReporter -->
<testsuite hostname="atupadhy-WX-1" ignored="0" name="RegistrationTest" tests="1" failures="1" timestamp="21 Aug 2019 02:37:10 GMT" time="18.394" errors="0">
  <testcase name="testToRegisterNewUser" time="12.781" classname="com.uiFramework.companyName.projectName.helper.testScripts.RegistrationTest">
    <failure type="java.lang.NullPointerException">
      <![CDATA[java.lang.NullPointerException
at com.uiFramework.companyName.projectName.helper.pageObject.RegistrationPage.setDay(RegistrationPage.java:189)
at com.uiFramework.companyName.projectName.helper.testScripts.RegistrationTest.testToRegisterNewUser(RegistrationTest.java:42)
... Removed 25 stack frames]]>
    </failure>
  </testcase> <!-- testToRegisterNewUser -->
</testsuite> <!-- RegistrationTest -->
