<?xml version="1.0" encoding="UTF-8"?>
<!-- Generated by org.testng.reporters.JUnitXMLReporter -->
<testsuite hostname="atupadhy-WX-1" ignored="3" name="Test" tests="8" failures="4" timestamp="21 Aug 2019 19:40:46 GMT" time="7.919" errors="0">
  <testcase name="testLogin" time="0.009" classname="com.uiFramework.companyName.projectName.helper.testScripts.ExtentTestScript1"/>
  <testcase name="testLogin1" time="0.005" classname="com.uiFramework.companyName.projectName.helper.testScripts.ExtentTestScript1">
    <failure type="java.lang.AssertionError" message="expected [true] but found [false]">
      <![CDATA[java.lang.AssertionError: expected [true] but found [false]
at com.uiFramework.companyName.projectName.helper.assertion.AssertionHelper.makeFalse(AssertionHelper.java:45)
at com.uiFramework.companyName.projectName.helper.testScripts.ExtentTestScript1.testLogin1(ExtentTestScript1.java:18)
... Removed 29 stack frames]]>
    </failure>
  </testcase> <!-- testLogin1 -->
  <testcase name="testLogin3" time="0.003" classname="com.uiFramework.companyName.projectName.helper.testScripts.ExtentTestScript1"/>
  <testcase name="testLogin4" time="0.003" classname="com.uiFramework.companyName.projectName.helper.testScripts.ExtentTestScript1">
    <failure type="java.lang.AssertionError" message="expected [true] but found [false]">
      <![CDATA[java.lang.AssertionError: expected [true] but found [false]
at com.uiFramework.companyName.projectName.helper.assertion.AssertionHelper.makeFalse(AssertionHelper.java:45)
at com.uiFramework.companyName.projectName.helper.testScripts.ExtentTestScript1.testLogin4(ExtentTestScript1.java:28)
... Removed 29 stack frames]]>
    </failure>
  </testcase> <!-- testLogin4 -->
  <testcase name="testLogin4" time="0.004" classname="com.uiFramework.companyName.projectName.helper.testScripts.ExtentTestScript2"/>
  <testcase name="testLogin5" time="0.003" classname="com.uiFramework.companyName.projectName.helper.testScripts.ExtentTestScript2">
    <failure type="java.lang.AssertionError" message="expected [true] but found [false]">
      <![CDATA[java.lang.AssertionError: expected [true] but found [false]
at com.uiFramework.companyName.projectName.helper.assertion.AssertionHelper.makeFalse(AssertionHelper.java:45)
at com.uiFramework.companyName.projectName.helper.testScripts.ExtentTestScript2.testLogin5(ExtentTestScript2.java:18)
... Removed 29 stack frames]]>
    </failure>
  </testcase> <!-- testLogin5 -->
  <testcase name="testLogin6" time="0.006" classname="com.uiFramework.companyName.projectName.helper.testScripts.ExtentTestScript2"/>
  <testcase name="testLogin7" time="0.002" classname="com.uiFramework.companyName.projectName.helper.testScripts.ExtentTestScript2">
    <failure type="java.lang.AssertionError" message="expected [true] but found [false]">
      <![CDATA[java.lang.AssertionError: expected [true] but found [false]
at com.uiFramework.companyName.projectName.helper.assertion.AssertionHelper.makeFalse(AssertionHelper.java:45)
at com.uiFramework.companyName.projectName.helper.testScripts.ExtentTestScript2.testLogin7(ExtentTestScript2.java:28)
... Removed 29 stack frames]]>
    </failure>
  </testcase> <!-- testLogin7 -->
  <testcase name="@AfterTest afterTest" time="0.0" classname="com.uiFramework.companyName.projectName.helper.testBase.TestBase">
    <ignored/>
  </testcase> <!-- @AfterTest afterTest -->
  <testcase name="@BeforeSuite beforeSuite" time="0.0" classname="com.uiFramework.companyName.projectName.helper.testBase.TestBase">
    <ignored/>
  </testcase> <!-- @BeforeSuite beforeSuite -->
  <testcase name="@BeforeTest BeforeTest" time="0.0" classname="com.uiFramework.companyName.projectName.helper.testBase.TestBase">
    <ignored/>
  </testcase> <!-- @BeforeTest BeforeTest -->
</testsuite> <!-- Test -->
