<?xml version="1.0" encoding="UTF-8"?>
<!-- Generated by org.testng.reporters.JUnitXMLReporter -->
<testsuite hostname="atupadhy-WX-1" ignored="0" name="VerifySortFilter" tests="1" failures="1" timestamp="21 Aug 2019 02:37:35 GMT" time="24.404" errors="0">
  <testcase name="verifyLowestFirstPriceInProductList" time="18.84" classname="com.uiFramework.companyName.projectName.helper.testScripts.VerifySortFilter">
    <failure type="java.lang.AssertionError" message="price filter is not working expected [true] but found [false]">
      <![CDATA[java.lang.AssertionError: price filter is not working expected [true] but found [false]
at com.uiFramework.companyName.projectName.helper.assertion.AssertionHelper.makeFalse(AssertionHelper.java:50)
at com.uiFramework.companyName.projectName.helper.pageObject.ProductCategoryPage.verifyArrayHasAscendingData(ProductCategoryPage.java:244)
at com.uiFramework.companyName.projectName.helper.testScripts.VerifySortFilter.verifyLowestFirstPriceInProductList(VerifySortFilter.java:54)
... Removed 28 stack frames]]>
    </failure>
  </testcase> <!-- verifyLowestFirstPriceInProductList -->
</testsuite> <!-- VerifySortFilter -->
