<?xml version="1.0" encoding="UTF-8"?>
<!-- Generated by org.testng.reporters.JUnitXMLReporter -->
<testsuite hostname="atupadhy-WX-1" ignored="0" name="B" tests="2" failures="2" timestamp="19 Aug 2019 16:00:15 GMT" time="5.285" errors="0">
  <testcase name="testMethodB1" time="0.002" classname="com.uiFramework.B">
    <failure type="java.lang.AssertionError" message="expected [true] but found [false]">
      <![CDATA[java.lang.AssertionError: expected [true] but found [false]
at com.uiFramework.B.testMethodB1(B.java:22)
... Removed 29 stack frames]]>
    </failure>
  </testcase> <!-- testMethodB1 -->
  <testcase name="testMethodB2" time="0.004" classname="com.uiFramework.B">
    <failure type="java.lang.AssertionError" message="expected [true] but found [false]">
      <![CDATA[java.lang.AssertionError: expected [true] but found [false]
at com.uiFramework.B.testMethodB2(B.java:29)
... Removed 29 stack frames]]>
    </failure>
  </testcase> <!-- testMethodB2 -->
</testsuite> <!-- B -->
