<?xml version="1.0" encoding="UTF-8"?>
<!-- Generated by org.testng.reporters.JUnitXMLReporter -->
<testsuite hostname="atupadhy-WX-1" ignored="0" name="firsttest" tests="1" failures="1" timestamp="19 Aug 2019 15:34:08 GMT" time="0.039" errors="0">
  <testcase name="testMethod4" time="0.009" classname="com.uiFramework.C">
    <failure type="java.lang.AssertionError" message="expected [true] but found [false]">
      <![CDATA[java.lang.AssertionError: expected [true] but found [false]
at com.uiFramework.C.testMethod4(C.java:11)
... Removed 29 stack frames]]>
    </failure>
  </testcase> <!-- testMethod4 -->
</testsuite> <!-- firsttest -->
