<?xml version="1.0" encoding="UTF-8"?>
<!-- Generated by org.testng.reporters.JUnitXMLReporter -->
<testsuite hostname="atupadhy-WX-1" ignored="0" name="secondtest" tests="2" failures="2" timestamp="19 Aug 2019 15:34:08 GMT" time="0.012" errors="0">
  <testcase name="testMethodB1" time="0.003" classname="com.uiFramework.B">
    <failure type="java.lang.AssertionError" message="expected [true] but found [false]">
      <![CDATA[java.lang.AssertionError: expected [true] but found [false]
at com.uiFramework.B.testMethodB1(B.java:20)
... Removed 29 stack frames]]>
    </failure>
  </testcase> <!-- testMethodB1 -->
  <testcase name="testMethodB2" time="0.001" classname="com.uiFramework.B">
    <failure type="java.lang.AssertionError" message="expected [true] but found [false]">
      <![CDATA[java.lang.AssertionError: expected [true] but found [false]
at com.uiFramework.B.testMethodB2(B.java:27)
... Removed 29 stack frames]]>
    </failure>
  </testcase> <!-- testMethodB2 -->
</testsuite> <!-- secondtest -->
