<?xml version="1.0" encoding="UTF-8"?>
<testsuite xmlns:xsi="http://www.w3.org/2001/XMLSchema-instance" xsi:noNamespaceSchemaLocation="https://maven.apache.org/surefire/maven-surefire-plugin/xsd/surefire-test-report-3.0.xsd" version="3.0" name="TestSuite" time="61.558" tests="3" errors="0" skipped="0" failures="2">
  <properties>
[...]
</properties>
  <testcase name="testLoginToApplication" classname="com.uiFramework.companyName.projectName.helper.testScripts.LoginTest" time="12.113"/>
  <testcase name="testToRegisterNewUser" classname="com.uiFramework.companyName.projectName.helper.testScripts.RegistrationTest" time="12.362">
    <failure type="java.lang.NullPointerException">java.lang.NullPointerException
	at com.uiFramework.companyName.projectName.helper.testScripts.RegistrationTest.testToRegisterNewUser(RegistrationTest.java:42)
</failure>
    <system-out><![CDATA[2019-42-22 00:08:153 INFO  TestBase:125 - ************testLoginToApplicationFinished**********
2019-42-22 00:08:180 INFO  TestBase:178 - Initialize web driver: 15477956
2019-42-22 00:08:181 INFO  WaitHelper:38 - Implicit wait has been set to:120
2019-42-22 00:08:183 INFO  WaitHelper:122 - waiting for page to load for: 100seconds
2019-42-22 00:08:199 INFO  WaitHelper:124 - page is loaded now
2019-42-22 00:08:312 INFO  WaitHelper:136 - Waiting for :[[ChromeDriver: chrome on XP (ee70bf3ce6392b048997a1d1d3b5cdb3)] -> xpath: //*[@id="header"]/div[2]/div/div/nav/div[1]/a] for :200 seconds
2019-42-22 00:08:350 INFO  WaitHelper:139 - element is visible now
2019-42-22 00:08:350 INFO  TestBase:249 - capturing UI navigation screen..
2019-42-22 00:08:350 INFO  JavaScriptHelper:25 - JavaScriptHelper has been initialised
2019-42-22 00:08:350 INFO  JavaScriptHelper:128 - zooming in by60 percent
2019-42-22 00:08:350 INFO  JavaScriptHelper:32 - executing the script
2019-42-22 00:08:425 INFO  TestBase:197 - driver is null
2019-42-22 00:08:425 INFO  JavaScriptHelper:25 - JavaScriptHelper has been initialised
2019-42-22 00:08:425 INFO  JavaScriptHelper:120 - zooming in by100 percent
2019-42-22 00:08:425 INFO  JavaScriptHelper:32 - executing the script
2019-42-22 00:08:441 INFO  LoginPage:89 - clicking on sign in link..
2019-42-22 00:08:703 INFO  LoginPage:124 - entering registration email: 1566414742703@gmail.com
2019-42-22 00:08:550 INFO  WaitHelper:136 - Waiting for :[[ChromeDriver: chrome on XP (ee70bf3ce6392b048997a1d1d3b5cdb3)] -> xpath: //*[@id='id_gender1']] for :200 seconds
2019-42-22 00:08:602 INFO  WaitHelper:139 - element is visible now
2019-42-22 00:08:602 INFO  TestBase:249 - capturing UI navigation screen..
2019-42-22 00:08:602 INFO  JavaScriptHelper:25 - JavaScriptHelper has been initialised
2019-42-22 00:08:602 INFO  JavaScriptHelper:128 - zooming in by60 percent
2019-42-22 00:08:606 INFO  JavaScriptHelper:32 - executing the script
2019-42-22 00:08:666 INFO  TestBase:197 - driver is null
2019-42-22 00:08:666 INFO  JavaScriptHelper:25 - JavaScriptHelper has been initialised
2019-42-22 00:08:666 INFO  JavaScriptHelper:120 - zooming in by100 percent
2019-42-22 00:08:666 INFO  JavaScriptHelper:32 - executing the script
2019-42-22 00:08:710 INFO  WaitHelper:136 - Waiting for :[[ChromeDriver: chrome on XP (ee70bf3ce6392b048997a1d1d3b5cdb3)] -> xpath: //*[@id='id_gender1']] for :200 seconds
2019-42-22 00:08:762 INFO  WaitHelper:139 - element is visible now
2019-42-22 00:08:762 INFO  TestBase:249 - capturing UI navigation screen..
2019-42-22 00:08:762 INFO  JavaScriptHelper:25 - JavaScriptHelper has been initialised
2019-42-22 00:08:762 INFO  JavaScriptHelper:128 - zooming in by60 percent
2019-42-22 00:08:766 INFO  JavaScriptHelper:32 - executing the script
2019-42-22 00:08:794 INFO  TestBase:197 - driver is null
2019-42-22 00:08:794 INFO  JavaScriptHelper:25 - JavaScriptHelper has been initialised
2019-42-22 00:08:794 INFO  JavaScriptHelper:120 - zooming in by100 percent
2019-42-22 00:08:794 INFO  JavaScriptHelper:32 - executing the script
2019-42-22 00:08:842 INFO  RegistrationPage:179 - selecting mr checkbox
2019-42-22 00:08:962 INFO  RegistrationPage:100 - entering the firstname: firstName
2019-42-22 00:08:219 INFO  RegistrationPage:107 - entering the lastName: lastName
2019-42-22 00:08:483 INFO  RegistrationPage:119 - entering the password: password
]]></system-out>
    <system-err><![CDATA[Aug 22, 2019 12:42:09 AM org.openqa.selenium.remote.DesiredCapabilities chrome
INFO: Using `new ChromeOptions()` is preferred to `DesiredCapabilities.chrome()`
Starting ChromeDriver 75.0.3770.140 (2d9f97485c7b07dc18a74666574f19176731995c-refs/branch-heads/3770@{#1155}) on port 41008
Only local connections are allowed.
Please protect ports used by ChromeDriver and related test frameworks to prevent access by malicious code.
[1566414731.049][WARNING]: This version of ChromeDriver has not been tested with Chrome version 76.
Aug 22, 2019 12:42:12 AM org.openqa.selenium.remote.ProtocolHandshake createSession
INFO: Detected dialect: W3C
]]></system-err>
  </testcase>
  <testcase name="verifyLowestFirstPriceInProductList" classname="com.uiFramework.companyName.projectName.helper.testScripts.VerifySortFilter" time="18.905">
    <failure message="price filter is not working expected [true] but found [false]" type="java.lang.AssertionError">java.lang.AssertionError: price filter is not working expected [true] but found [false]
	at com.uiFramework.companyName.projectName.helper.testScripts.VerifySortFilter.verifyLowestFirstPriceInProductList(VerifySortFilter.java:54)
</failure>
    <system-out><![CDATA[2019-42-22 00:08:105 INFO  TestBase:125 - ************testToRegisterNewUserFinished**********
2019-42-22 00:08:865 INFO  TestBase:178 - Initialize web driver: 371976476
2019-42-22 00:08:865 INFO  WaitHelper:38 - Implicit wait has been set to:120
2019-42-22 00:08:869 INFO  WaitHelper:122 - waiting for page to load for: 100seconds
2019-42-22 00:08:887 INFO  WaitHelper:124 - page is loaded now
2019-42-22 00:08:213 INFO  WaitHelper:136 - Waiting for :[[ChromeDriver: chrome on XP (55ef88eeea4399d0687644c80c100249)] -> xpath: //*[@id='block_top_menu']/ul/li[1]/a] for :200 seconds
2019-42-22 00:08:260 INFO  WaitHelper:139 - element is visible now
2019-42-22 00:08:260 INFO  TestBase:249 - capturing UI navigation screen..
2019-42-22 00:08:260 INFO  JavaScriptHelper:25 - JavaScriptHelper has been initialised
2019-42-22 00:08:260 INFO  JavaScriptHelper:128 - zooming in by60 percent
2019-42-22 00:08:260 INFO  JavaScriptHelper:32 - executing the script
2019-42-22 00:08:396 INFO  TestBase:197 - driver is null
2019-42-22 00:08:396 INFO  JavaScriptHelper:25 - JavaScriptHelper has been initialised
2019-42-22 00:08:396 INFO  JavaScriptHelper:120 - zooming in by100 percent
2019-42-22 00:08:396 INFO  JavaScriptHelper:32 - executing the script
2019-42-22 00:08:536 INFO  NavigationMenu:80 - clicking on :WOMEN
2019-42-22 00:08:430 INFO  WaitHelper:136 - Waiting for :[[ChromeDriver: chrome on XP (55ef88eeea4399d0687644c80c100249)] -> xpath: //*[@id='layered_block_left']/p] for :200 seconds
2019-42-22 00:08:473 INFO  WaitHelper:139 - element is visible now
2019-42-22 00:08:473 INFO  TestBase:249 - capturing UI navigation screen..
2019-42-22 00:08:473 INFO  JavaScriptHelper:25 - JavaScriptHelper has been initialised
2019-42-22 00:08:473 INFO  JavaScriptHelper:128 - zooming in by60 percent
2019-42-22 00:08:473 INFO  JavaScriptHelper:32 - executing the script
2019-42-22 00:08:553 INFO  TestBase:197 - driver is null
2019-42-22 00:08:553 INFO  JavaScriptHelper:25 - JavaScriptHelper has been initialised
2019-42-22 00:08:553 INFO  JavaScriptHelper:120 - zooming in by100 percent
2019-42-22 00:08:553 INFO  JavaScriptHelper:32 - executing the script
2019-42-22 00:08:569 INFO  DropdownHelper:32 - DropdownHelper object is created..
2019-42-22 00:08:838 INFO  DropdownHelper:52 - selectUsingVisibleText and visible text is: Price: Lowest first
2019-42-22 00:08:870 INFO  ProductCategoryPage:219 - 16.51
2019-42-22 00:08:876 INFO  ProductCategoryPage:219 - 27.00
2019-42-22 00:08:916 INFO  ProductCategoryPage:219 - 50.99
2019-42-22 00:08:932 INFO  ProductCategoryPage:219 - 28.98
2019-42-22 00:08:949 INFO  ProductCategoryPage:219 - 30.50
2019-42-22 00:08:953 INFO  ProductCategoryPage:219 - 16.40
2019-42-22 00:08:953 INFO  ProductCategoryPage:234 - [16, 27, 50, 28, 30, 16]
2019-42-22 00:08:953 INFO  ProductCategoryPage:239 - obj.get(i): 16
2019-42-22 00:08:953 INFO  ProductCategoryPage:240 - obj.get(i+1): 27
2019-42-22 00:08:953 INFO  ProductCategoryPage:239 - obj.get(i): 27
2019-42-22 00:08:953 INFO  ProductCategoryPage:240 - obj.get(i+1): 50
2019-42-22 00:08:953 INFO  AssertionHelper:49 - making script fail..
]]></system-out>
    <system-err><![CDATA[Aug 22, 2019 12:42:27 AM org.openqa.selenium.remote.DesiredCapabilities chrome
INFO: Using `new ChromeOptions()` is preferred to `DesiredCapabilities.chrome()`
Starting ChromeDriver 75.0.3770.140 (2d9f97485c7b07dc18a74666574f19176731995c-refs/branch-heads/3770@{#1155}) on port 34001
Only local connections are allowed.
Please protect ports used by ChromeDriver and related test frameworks to prevent access by malicious code.
[1566414748.748][WARNING]: This version of ChromeDriver has not been tested with Chrome version 76.
Aug 22, 2019 12:42:29 AM org.openqa.selenium.remote.ProtocolHandshake createSession
INFO: Detected dialect: W3C
]]></system-err>
  </testcase>
</testsuite>