<?xml version="1.0" encoding="UTF-8"?>
<testsuite xmlns:xsi="http://www.w3.org/2001/XMLSchema-instance" xsi:noNamespaceSchemaLocation="https://maven.apache.org/surefire/maven-surefire-plugin/xsd/surefire-test-report-3.0.xsd" version="3.0" name="TestSuite" time="19.043" tests="3" errors="0" skipped="0" failures="3">
  <properties>
[...]
</properties>
  <testcase name="testLoginToApplication" classname="com.uiFramework.companyName.projectName.helper.testScripts.LoginTest" time="0.051">
    <failure message="invalid argument&#10;  (Session info: chrome=76.0.3809.100)&#10;Build info: version: &apos;3.14.0&apos;, revision: &apos;aacccce0&apos;, time: &apos;2018-08-02T20:19:58.91Z&apos;&#10;System info: host: &apos;ATUPADHY-WX-1&apos;, ip: &apos;192.168.227.1&apos;, os.name: &apos;Windows 10&apos;, os.arch: &apos;amd64&apos;, os.version: &apos;10.0&apos;, java.version: &apos;1.8.0_111&apos;&#10;Driver info: org.openqa.selenium.chrome.ChromeDriver&#10;Capabilities {acceptInsecureCerts: false, browserName: chrome, browserVersion: 76.0.3809.100, chrome: {chromedriverVersion: 75.0.3770.140 (2d9f97485c7b..., userDataDir: C:\Users\atupadhy\AppData\L...}, goog:chromeOptions: {debuggerAddress: localhost:3251}, javascriptEnabled: true, networkConnectionEnabled: false, pageLoadStrategy: normal, platform: XP, platformName: XP, proxy: Proxy(), setWindowRect: true, strictFileInteractability: false, timeouts: {implicit: 0, pageLoad: 300000, script: 30000}, unhandledPromptBehavior: dismiss and notify}&#10;Session ID: 7a7047ed82781137ae63787e5a10688d" type="org.openqa.selenium.InvalidArgumentException">org.openqa.selenium.InvalidArgumentException: 
invalid argument
  (Session info: chrome=76.0.3809.100)
Build info: version: '3.14.0', revision: 'aacccce0', time: '2018-08-02T20:19:58.91Z'
System info: host: 'ATUPADHY-WX-1', ip: '192.168.227.1', os.name: 'Windows 10', os.arch: 'amd64', os.version: '10.0', java.version: '1.8.0_111'
Driver info: org.openqa.selenium.chrome.ChromeDriver
Capabilities {acceptInsecureCerts: false, browserName: chrome, browserVersion: 76.0.3809.100, chrome: {chromedriverVersion: 75.0.3770.140 (2d9f97485c7b..., userDataDir: C:\Users\atupadhy\AppData\L...}, goog:chromeOptions: {debuggerAddress: localhost:3251}, javascriptEnabled: true, networkConnectionEnabled: false, pageLoadStrategy: normal, platform: XP, platformName: XP, proxy: Proxy(), setWindowRect: true, strictFileInteractability: false, timeouts: {implicit: 0, pageLoad: 300000, script: 30000}, unhandledPromptBehavior: dismiss and notify}
Session ID: 7a7047ed82781137ae63787e5a10688d
	at com.uiFramework.companyName.projectName.helper.testScripts.LoginTest.testLoginToApplication(LoginTest.java:28)
</failure>
    <system-out><![CDATA[2019-20-21 09:08:338 INFO  TestBase:180 - Initialize web driver: 1515877023
2019-20-21 09:08:344 INFO  WaitHelper:38 - Implicit wait has been set to:120
2019-20-21 09:08:354 INFO  WaitHelper:122 - waiting for page to load for: 100seconds
2019-20-21 09:08:361 INFO  WaitHelper:124 - page is loaded now
]]></system-out>
    <system-err><![CDATA[log4j:WARN No such property [maxBackupIndex] in org.apache.log4j.FileAppender.
log4j:WARN No such property [maxFileSize] in org.apache.log4j.FileAppender.
Aug 21, 2019 9:20:42 AM org.openqa.selenium.remote.DesiredCapabilities chrome
INFO: Using `new ChromeOptions()` is preferred to `DesiredCapabilities.chrome()`
Starting ChromeDriver 75.0.3770.140 (2d9f97485c7b07dc18a74666574f19176731995c-refs/branch-heads/3770@{#1155}) on port 27766
Only local connections are allowed.
Please protect ports used by ChromeDriver and related test frameworks to prevent access by malicious code.
[1566359445.161][WARNING]: This version of ChromeDriver has not been tested with Chrome version 76.
Aug 21, 2019 9:20:46 AM org.openqa.selenium.remote.ProtocolHandshake createSession
INFO: Detected dialect: W3C
]]></system-err>
  </testcase>
  <testcase name="testToRegisterNewUser" classname="com.uiFramework.companyName.projectName.helper.testScripts.RegistrationTest" time="0.009">
    <failure message="invalid argument&#10;  (Session info: chrome=76.0.3809.100)&#10;Build info: version: &apos;3.14.0&apos;, revision: &apos;aacccce0&apos;, time: &apos;2018-08-02T20:19:58.91Z&apos;&#10;System info: host: &apos;ATUPADHY-WX-1&apos;, ip: &apos;192.168.227.1&apos;, os.name: &apos;Windows 10&apos;, os.arch: &apos;amd64&apos;, os.version: &apos;10.0&apos;, java.version: &apos;1.8.0_111&apos;&#10;Driver info: org.openqa.selenium.chrome.ChromeDriver&#10;Capabilities {acceptInsecureCerts: false, browserName: chrome, browserVersion: 76.0.3809.100, chrome: {chromedriverVersion: 75.0.3770.140 (2d9f97485c7b..., userDataDir: C:\Users\atupadhy\AppData\L...}, goog:chromeOptions: {debuggerAddress: localhost:3268}, javascriptEnabled: true, networkConnectionEnabled: false, pageLoadStrategy: normal, platform: XP, platformName: XP, proxy: Proxy(), setWindowRect: true, strictFileInteractability: false, timeouts: {implicit: 0, pageLoad: 300000, script: 30000}, unhandledPromptBehavior: dismiss and notify}&#10;Session ID: 7ea92c1fb7bb5bb7fa350e5ae06329e9" type="org.openqa.selenium.InvalidArgumentException">org.openqa.selenium.InvalidArgumentException: 
invalid argument
  (Session info: chrome=76.0.3809.100)
Build info: version: '3.14.0', revision: 'aacccce0', time: '2018-08-02T20:19:58.91Z'
System info: host: 'ATUPADHY-WX-1', ip: '192.168.227.1', os.name: 'Windows 10', os.arch: 'amd64', os.version: '10.0', java.version: '1.8.0_111'
Driver info: org.openqa.selenium.chrome.ChromeDriver
Capabilities {acceptInsecureCerts: false, browserName: chrome, browserVersion: 76.0.3809.100, chrome: {chromedriverVersion: 75.0.3770.140 (2d9f97485c7b..., userDataDir: C:\Users\atupadhy\AppData\L...}, goog:chromeOptions: {debuggerAddress: localhost:3268}, javascriptEnabled: true, networkConnectionEnabled: false, pageLoadStrategy: normal, platform: XP, platformName: XP, proxy: Proxy(), setWindowRect: true, strictFileInteractability: false, timeouts: {implicit: 0, pageLoad: 300000, script: 30000}, unhandledPromptBehavior: dismiss and notify}
Session ID: 7ea92c1fb7bb5bb7fa350e5ae06329e9
	at com.uiFramework.companyName.projectName.helper.testScripts.RegistrationTest.testToRegisterNewUser(RegistrationTest.java:24)
</failure>
    <system-out><![CDATA[2019-20-21 09:08:995 INFO  TestBase:127 - ************testLoginToApplicationFinished**********
2019-20-21 09:08:758 INFO  TestBase:180 - Initialize web driver: 90346768
2019-20-21 09:08:758 INFO  WaitHelper:38 - Implicit wait has been set to:120
2019-20-21 09:08:765 INFO  WaitHelper:122 - waiting for page to load for: 100seconds
2019-20-21 09:08:772 INFO  WaitHelper:124 - page is loaded now
]]></system-out>
    <system-err><![CDATA[Aug 21, 2019 9:20:49 AM org.openqa.selenium.remote.DesiredCapabilities chrome
INFO: Using `new ChromeOptions()` is preferred to `DesiredCapabilities.chrome()`
Starting ChromeDriver 75.0.3770.140 (2d9f97485c7b07dc18a74666574f19176731995c-refs/branch-heads/3770@{#1155}) on port 33067
Only local connections are allowed.
Please protect ports used by ChromeDriver and related test frameworks to prevent access by malicious code.
[1566359451.290][WARNING]: This version of ChromeDriver has not been tested with Chrome version 76.
Aug 21, 2019 9:20:52 AM org.openqa.selenium.remote.ProtocolHandshake createSession
INFO: Detected dialect: W3C
]]></system-err>
  </testcase>
  <testcase name="verifyLowestFirstPriceInProductList" classname="com.uiFramework.companyName.projectName.helper.testScripts.VerifySortFilter" time="0.006">
    <failure message="invalid argument&#10;  (Session info: chrome=76.0.3809.100)&#10;Build info: version: &apos;3.14.0&apos;, revision: &apos;aacccce0&apos;, time: &apos;2018-08-02T20:19:58.91Z&apos;&#10;System info: host: &apos;ATUPADHY-WX-1&apos;, ip: &apos;192.168.227.1&apos;, os.name: &apos;Windows 10&apos;, os.arch: &apos;amd64&apos;, os.version: &apos;10.0&apos;, java.version: &apos;1.8.0_111&apos;&#10;Driver info: org.openqa.selenium.chrome.ChromeDriver&#10;Capabilities {acceptInsecureCerts: false, browserName: chrome, browserVersion: 76.0.3809.100, chrome: {chromedriverVersion: 75.0.3770.140 (2d9f97485c7b..., userDataDir: C:\Users\atupadhy\AppData\L...}, goog:chromeOptions: {debuggerAddress: localhost:3286}, javascriptEnabled: true, networkConnectionEnabled: false, pageLoadStrategy: normal, platform: XP, platformName: XP, proxy: Proxy(), setWindowRect: true, strictFileInteractability: false, timeouts: {implicit: 0, pageLoad: 300000, script: 30000}, unhandledPromptBehavior: dismiss and notify}&#10;Session ID: f39f953a8c16a8cfafd4031dba507f2a" type="org.openqa.selenium.InvalidArgumentException">org.openqa.selenium.InvalidArgumentException: 
invalid argument
  (Session info: chrome=76.0.3809.100)
Build info: version: '3.14.0', revision: 'aacccce0', time: '2018-08-02T20:19:58.91Z'
System info: host: 'ATUPADHY-WX-1', ip: '192.168.227.1', os.name: 'Windows 10', os.arch: 'amd64', os.version: '10.0', java.version: '1.8.0_111'
Driver info: org.openqa.selenium.chrome.ChromeDriver
Capabilities {acceptInsecureCerts: false, browserName: chrome, browserVersion: 76.0.3809.100, chrome: {chromedriverVersion: 75.0.3770.140 (2d9f97485c7b..., userDataDir: C:\Users\atupadhy\AppData\L...}, goog:chromeOptions: {debuggerAddress: localhost:3286}, javascriptEnabled: true, networkConnectionEnabled: false, pageLoadStrategy: normal, platform: XP, platformName: XP, proxy: Proxy(), setWindowRect: true, strictFileInteractability: false, timeouts: {implicit: 0, pageLoad: 300000, script: 30000}, unhandledPromptBehavior: dismiss and notify}
Session ID: f39f953a8c16a8cfafd4031dba507f2a
	at com.uiFramework.companyName.projectName.helper.testScripts.VerifySortFilter.verifyLowestFirstPriceInProductList(VerifySortFilter.java:33)
</failure>
    <system-out><![CDATA[2019-20-21 09:08:280 INFO  TestBase:127 - ************testToRegisterNewUserFinished**********
2019-20-21 09:08:247 INFO  TestBase:180 - Initialize web driver: 1112456099
2019-20-21 09:08:247 INFO  WaitHelper:38 - Implicit wait has been set to:120
2019-20-21 09:08:253 INFO  WaitHelper:122 - waiting for page to load for: 100seconds
2019-20-21 09:08:259 INFO  WaitHelper:124 - page is loaded now
]]></system-out>
    <system-err><![CDATA[Aug 21, 2019 9:20:55 AM org.openqa.selenium.remote.DesiredCapabilities chrome
INFO: Using `new ChromeOptions()` is preferred to `DesiredCapabilities.chrome()`
Starting ChromeDriver 75.0.3770.140 (2d9f97485c7b07dc18a74666574f19176731995c-refs/branch-heads/3770@{#1155}) on port 1423
Only local connections are allowed.
Please protect ports used by ChromeDriver and related test frameworks to prevent access by malicious code.
[1566359456.814][WARNING]: This version of ChromeDriver has not been tested with Chrome version 76.
Aug 21, 2019 9:20:58 AM org.openqa.selenium.remote.ProtocolHandshake createSession
INFO: Detected dialect: W3C
]]></system-err>
  </testcase>
</testsuite>